<?xml version="1.0" encoding="UTF-8"?>
<testng-results skipped="0" failed="0" ignored="0" total="2" passed="2">
  <reporter-output>
  </reporter-output>
  <suite name="Default suite" duration-ms="39668" started-at="2019-01-06T15:35:27Z" finished-at="2019-01-06T15:36:07Z">
    <groups>
    </groups>
    <test name="Default test" duration-ms="39668" started-at="2019-01-06T15:35:27Z" finished-at="2019-01-06T15:36:07Z">
      <class name="com.training.sanity.tests.adddescription_test">
        <test-method status="PASS" signature="setUpBeforeClass()[pri:0, instance:com.training.sanity.tests.adddescription_test@42d80b78]" name="setUpBeforeClass" is-config="true" duration-ms="8237" started-at="2019-01-06T15:35:27Z" finished-at="2019-01-06T15:35:36Z">
          <reporter-output>
          </reporter-output>
        </test-method> <!-- setUpBeforeClass -->
        <test-method status="PASS" signature="validloginTest()[pri:1, instance:com.training.sanity.tests.adddescription_test@42d80b78]" name="validloginTest" duration-ms="3740" started-at="2019-01-06T15:35:36Z" finished-at="2019-01-06T15:35:39Z">
          <reporter-output>
          </reporter-output>
        </test-method> <!-- validloginTest -->
        <test-method status="PASS" signature="validAdddescTest()[pri:2, instance:com.training.sanity.tests.adddescription_test@42d80b78]" name="validAdddescTest" duration-ms="25789" started-at="2019-01-06T15:35:39Z" finished-at="2019-01-06T15:36:05Z">
          <reporter-output>
          </reporter-output>
        </test-method> <!-- validAdddescTest -->
        <test-method status="PASS" signature="tearDown()[pri:0, instance:com.training.sanity.tests.adddescription_test@42d80b78]" name="tearDown" is-config="true" duration-ms="1859" started-at="2019-01-06T15:36:05Z" finished-at="2019-01-06T15:36:07Z">
          <reporter-output>
          </reporter-output>
        </test-method> <!-- tearDown -->
      </class> <!-- com.training.sanity.tests.adddescription_test -->
    </test> <!-- Default test -->
  </suite> <!-- Default suite -->
</testng-results>
