<?xml version="1.0" encoding="UTF-8"?>
<!-- Generated by org.testng.reporters.JUnitXMLReporter -->
<testsuite hostname="DESKTOP-UPFI8QV" ignored="0" name="Default test" tests="2" failures="0" timestamp="06 Jan 2019 15:36:07 GMT" time="39.668" errors="0">
  <testcase name="validloginTest" time="3.74" classname="com.training.sanity.tests.adddescription_test"/>
  <testcase name="validAdddescTest" time="25.789" classname="com.training.sanity.tests.adddescription_test"/>
</testsuite> <!-- Default test -->
