<?xml version="1.0" encoding="UTF-8"?>
<!-- Generated by org.testng.reporters.JUnitXMLReporter -->
<testsuite hostname="DESKTOP-UPFI8QV" ignored="0" name="Default test" tests="2" failures="0" timestamp="02 Jan 2019 11:56:36 GMT" time="51.328" errors="0">
  <testcase name="validLoginTest" time="6.074" classname="com.training.sanity.tests.reportbysearchTest39"/>
  <testcase name="validreportTest" time="35.737" classname="com.training.sanity.tests.reportbysearchTest39"/>
</testsuite> <!-- Default test -->
